<?xml version="1.0" encoding="UTF-8"?>
<!-- Generated by org.testng.reporters.JUnitReportReporter -->
<testsuite hostname="THINKPAD" name="tpss.testCases.TestLoginTestCase" tests="1" failures="0" timestamp="21 Dec 2010 01:29:21 GMT" time="12563" errors="0">
  <testcase name="testLogin" time="12563" classname="tpss.testCases.TestLoginTestCase"/>
</testsuite>
