<?xml version="1.0" encoding="UTF-8"?>
<!-- Generated by org.testng.reporters.JUnitReportReporter -->
<testsuite hostname="THINKPAD" name="tpss.testCases.TestLoginTestCase" tests="1" failures="1" timestamp="21 Dec 2010 00:58:18 GMT" time="30297" errors="0">
  <testcase name="testLogin" time="30297" classname="tpss.testCases.TestLoginTestCase"/>
</testsuite>
